Started GET "/" for 127.0.0.1 at 2017-06-15 16:56:30 -0300
  
ActiveRecord::NoDatabaseError (FATAL:  database "dinnerdash_development" does not exist
):
  
activerecord (5.1.1) lib/active_record/connection_adapters/postgresql_adapter.rb:705:in `rescue in connect'
activerecord (5.1.1) lib/active_record/connection_adapters/postgresql_adapter.rb:701:in `connect'
activerecord (5.1.1) lib/active_record/connection_adapters/postgresql_adapter.rb:220:in `initialize'
activerecord (5.1.1) lib/active_record/connection_adapters/postgresql_adapter.rb:38:in `new'
activerecord (5.1.1) lib/active_record/connection_adapters/postgresql_adapter.rb:38:in `postgresql_connection'
activerecord (5.1.1) lib/active_record/connection_adapters/abstract/connection_pool.rb:759:in `new_connection'
activerecord (5.1.1) lib/active_record/connection_adapters/abstract/connection_pool.rb:803:in `checkout_new_connection'
activerecord (5.1.1) lib/active_record/connection_adapters/abstract/connection_pool.rb:782:in `try_to_checkout_new_connection'
activerecord (5.1.1) lib/active_record/connection_adapters/abstract/connection_pool.rb:743:in `acquire_connection'
activerecord (5.1.1) lib/active_record/connection_adapters/abstract/connection_pool.rb:500:in `checkout'
activerecord (5.1.1) lib/active_record/connection_adapters/abstract/connection_pool.rb:374:in `connection'
activerecord (5.1.1) lib/active_record/connection_adapters/abstract/connection_pool.rb:931:in `retrieve_connection'
activerecord (5.1.1) lib/active_record/connection_handling.rb:116:in `retrieve_connection'
activerecord (5.1.1) lib/active_record/connection_handling.rb:88:in `connection'
activerecord (5.1.1) lib/active_record/migration.rb:562:in `connection'
activerecord (5.1.1) lib/active_record/migration.rb:553:in `call'
actionpack (5.1.1) lib/action_dispatch/middleware/callbacks.rb:26:in `block in call'
activesupport (5.1.1) lib/active_support/callbacks.rb:97:in `run_callbacks'
actionpack (5.1.1) lib/action_dispatch/middleware/callbacks.rb:24:in `call'
actionpack (5.1.1) lib/action_dispatch/middleware/executor.rb:12:in `call'
actionpack (5.1.1) lib/action_dispatch/middleware/debug_exceptions.rb:59:in `call'
web-console (3.5.1) lib/web_console/middleware.rb:135:in `call_app'
web-console (3.5.1) lib/web_console/middleware.rb:28:in `block in call'
web-console (3.5.1) lib/web_console/middleware.rb:18:in `catch'
web-console (3.5.1) lib/web_console/middleware.rb:18:in `call'
actionpack (5.1.1) lib/action_dispatch/middleware/show_exceptions.rb:31:in `call'
railties (5.1.1) lib/rails/rack/logger.rb:36:in `call_app'
railties (5.1.1) lib/rails/rack/logger.rb:24:in `block in call'
activesupport (5.1.1) lib/active_support/tagged_logging.rb:69:in `block in tagged'
activesupport (5.1.1) lib/active_support/tagged_logging.rb:26:in `tagged'
activesupport (5.1.1) lib/active_support/tagged_logging.rb:69:in `tagged'
railties (5.1.1) lib/rails/rack/logger.rb:24:in `call'
sprockets-rails (3.2.0) lib/sprockets/rails/quiet_assets.rb:13:in `call'
actionpack (5.1.1) lib/action_dispatch/middleware/remote_ip.rb:79:in `call'
actionpack (5.1.1) lib/action_dispatch/middleware/request_id.rb:25:in `call'
rack (2.0.3) lib/rack/method_override.rb:22:in `call'
rack (2.0.3) lib/rack/runtime.rb:22:in `call'
activesupport (5.1.1) lib/active_support/cache/strategy/local_cache_middleware.rb:27:in `call'
actionpack (5.1.1) lib/action_dispatch/middleware/executor.rb:12:in `call'
actionpack (5.1.1) lib/action_dispatch/middleware/static.rb:125:in `call'
rack (2.0.3) lib/rack/sendfile.rb:111:in `call'
railties (5.1.1) lib/rails/engine.rb:522:in `call'
puma (3.9.1) lib/puma/configuration.rb:224:in `call'
puma (3.9.1) lib/puma/server.rb:602:in `handle_request'
puma (3.9.1) lib/puma/server.rb:435:in `process_client'
puma (3.9.1) lib/puma/server.rb:299:in `block in run'
puma (3.9.1) lib/puma/thread_pool.rb:120:in `block in spawn_thread'
  [1m[35m (112.0ms)[0m  [1m[35mCREATE TABLE "schema_migrations" ("version" character varying NOT NULL PRIMARY KEY)[0m
  [1m[35m (119.7ms)[0m  [1m[35mCREATE TABLE "ar_internal_metadata" ("key" character varying NOT NULL PRIMARY KEY, "value" character varying, "created_at" timestamp NOT NULL, "updated_at" timestamp NOT NULL)[0m
  [1m[35m (0.3ms)[0m  [1m[34mSELECT pg_try_advisory_lock(1243633829950018815);[0m
  [1m[35m (0.4ms)[0m  [1m[34mSELECT "schema_migrations"."version" FROM "schema_migrations" ORDER BY "schema_migrations"."version" ASC[0m
Migrating to CreateItems (20170615195556)
  [1m[35m (0.2ms)[0m  [1m[35mBEGIN[0m
  [1m[35m (97.0ms)[0m  [1m[35mCREATE TABLE "items" ("id" bigserial primary key, "name" character varying, "description" text, "price" float, "created_at" timestamp NOT NULL, "updated_at" timestamp NOT NULL)[0m
  [1m[35mSQL (0.3ms)[0m  [1m[32mINSERT INTO "schema_migrations" ("version") VALUES ($1) RETURNING "version"[0m  [["version", "20170615195556"]]
  [1m[35m (20.2ms)[0m  [1m[35mCOMMIT[0m
  [1m[36mActiveRecord::InternalMetadata Load (0.2ms)[0m  [1m[34mSELECT  "ar_internal_metadata".* FROM "ar_internal_metadata" WHERE "ar_internal_metadata"."key" = $1 LIMIT $2[0m  [["key", "environment"], ["LIMIT", 1]]
  [1m[35m (0.2ms)[0m  [1m[35mBEGIN[0m
  [1m[35mSQL (0.4ms)[0m  [1m[32mINSERT INTO "ar_internal_metadata" ("key", "value", "created_at", "updated_at") VALUES ($1, $2, $3, $4) RETURNING "key"[0m  [["key", "environment"], ["value", "development"], ["created_at", "2017-06-15 19:59:29.749453"], ["updated_at", "2017-06-15 19:59:29.749453"]]
  [1m[35m (13.3ms)[0m  [1m[35mCOMMIT[0m
  [1m[35m (0.3ms)[0m  [1m[34mSELECT pg_advisory_unlock(1243633829950018815)[0m
  [1m[35m (0.1ms)[0m  [1m[34mSELECT "schema_migrations"."version" FROM "schema_migrations" ORDER BY "schema_migrations"."version" ASC[0m
Started GET "/" for 127.0.0.1 at 2017-06-15 17:01:42 -0300
  [1m[35m (0.4ms)[0m  [1m[34mSELECT "schema_migrations"."version" FROM "schema_migrations" ORDER BY "schema_migrations"."version" ASC[0m
Processing by Rails::WelcomeController#index as HTML
  Rendering /home/rebeca/.rvm/gems/ruby-2.4.1@dinner_rails511/gems/railties-5.1.1/lib/rails/templates/rails/welcome/index.html.erb
  Rendered /home/rebeca/.rvm/gems/ruby-2.4.1@dinner_rails511/gems/railties-5.1.1/lib/rails/templates/rails/welcome/index.html.erb (2.1ms)
Completed 200 OK in 11ms (Views: 4.8ms | ActiveRecord: 0.0ms)


Started GET "/" for 127.0.0.1 at 2017-06-15 17:11:15 -0300
Processing by Rails::WelcomeController#index as HTML
  Rendering /home/rebeca/.rvm/gems/ruby-2.4.1@dinner_rails511/gems/railties-5.1.1/lib/rails/templates/rails/welcome/index.html.erb
  Rendered /home/rebeca/.rvm/gems/ruby-2.4.1@dinner_rails511/gems/railties-5.1.1/lib/rails/templates/rails/welcome/index.html.erb (4.5ms)
Completed 200 OK in 9ms (Views: 6.6ms | ActiveRecord: 0.0ms)


Started GET "/items" for 127.0.0.1 at 2017-06-15 17:13:05 -0300
  
AbstractController::ActionNotFound (The action 'index' could not be found for ItemsController):
  
actionpack (5.1.1) lib/abstract_controller/base.rb:119:in `process'
actionview (5.1.1) lib/action_view/rendering.rb:30:in `process'
actionpack (5.1.1) lib/action_controller/metal.rb:189:in `dispatch'
actionpack (5.1.1) lib/action_controller/metal.rb:253:in `dispatch'
actionpack (5.1.1) lib/action_dispatch/routing/route_set.rb:49:in `dispatch'
actionpack (5.1.1) lib/action_dispatch/routing/route_set.rb:31:in `serve'
actionpack (5.1.1) lib/action_dispatch/journey/router.rb:46:in `block in serve'
actionpack (5.1.1) lib/action_dispatch/journey/router.rb:33:in `each'
actionpack (5.1.1) lib/action_dispatch/journey/router.rb:33:in `serve'
actionpack (5.1.1) lib/action_dispatch/routing/route_set.rb:832:in `call'
rack (2.0.3) lib/rack/etag.rb:25:in `call'
rack (2.0.3) lib/rack/conditional_get.rb:25:in `call'
rack (2.0.3) lib/rack/head.rb:12:in `call'
rack (2.0.3) lib/rack/session/abstract/id.rb:232:in `context'
rack (2.0.3) lib/rack/session/abstract/id.rb:226:in `call'
actionpack (5.1.1) lib/action_dispatch/middleware/cookies.rb:613:in `call'
activerecord (5.1.1) lib/active_record/migration.rb:556:in `call'
actionpack (5.1.1) lib/action_dispatch/middleware/callbacks.rb:26:in `block in call'
activesupport (5.1.1) lib/active_support/callbacks.rb:97:in `run_callbacks'
actionpack (5.1.1) lib/action_dispatch/middleware/callbacks.rb:24:in `call'
actionpack (5.1.1) lib/action_dispatch/middleware/executor.rb:12:in `call'
actionpack (5.1.1) lib/action_dispatch/middleware/debug_exceptions.rb:59:in `call'
web-console (3.5.1) lib/web_console/middleware.rb:135:in `call_app'
web-console (3.5.1) lib/web_console/middleware.rb:28:in `block in call'
web-console (3.5.1) lib/web_console/middleware.rb:18:in `catch'
web-console (3.5.1) lib/web_console/middleware.rb:18:in `call'
actionpack (5.1.1) lib/action_dispatch/middleware/show_exceptions.rb:31:in `call'
railties (5.1.1) lib/rails/rack/logger.rb:36:in `call_app'
railties (5.1.1) lib/rails/rack/logger.rb:24:in `block in call'
activesupport (5.1.1) lib/active_support/tagged_logging.rb:69:in `block in tagged'
activesupport (5.1.1) lib/active_support/tagged_logging.rb:26:in `tagged'
activesupport (5.1.1) lib/active_support/tagged_logging.rb:69:in `tagged'
railties (5.1.1) lib/rails/rack/logger.rb:24:in `call'
sprockets-rails (3.2.0) lib/sprockets/rails/quiet_assets.rb:13:in `call'
actionpack (5.1.1) lib/action_dispatch/middleware/remote_ip.rb:79:in `call'
actionpack (5.1.1) lib/action_dispatch/middleware/request_id.rb:25:in `call'
rack (2.0.3) lib/rack/method_override.rb:22:in `call'
rack (2.0.3) lib/rack/runtime.rb:22:in `call'
activesupport (5.1.1) lib/active_support/cache/strategy/local_cache_middleware.rb:27:in `call'
actionpack (5.1.1) lib/action_dispatch/middleware/executor.rb:12:in `call'
actionpack (5.1.1) lib/action_dispatch/middleware/static.rb:125:in `call'
rack (2.0.3) lib/rack/sendfile.rb:111:in `call'
railties (5.1.1) lib/rails/engine.rb:522:in `call'
puma (3.9.1) lib/puma/configuration.rb:224:in `call'
puma (3.9.1) lib/puma/server.rb:602:in `handle_request'
puma (3.9.1) lib/puma/server.rb:435:in `process_client'
puma (3.9.1) lib/puma/server.rb:299:in `block in run'
puma (3.9.1) lib/puma/thread_pool.rb:120:in `block in spawn_thread'
Started GET "/items" for 127.0.0.1 at 2017-06-15 17:14:15 -0300
Processing by ItemsController#index as HTML
Completed 406 Not Acceptable in 7ms (ActiveRecord: 0.0ms)


  
ActionController::UnknownFormat (ItemsController#index is missing a template for this request format and variant.

request.formats: ["text/html"]
request.variant: []

NOTE! For XHR/Ajax or API requests, this action would normally respond with 204 No Content: an empty white screen. Since you're loading it in a web browser, we assume that you expected to actually render a template, not nothing, so we're showing an error to be extra-clear. If you expect 204 No Content, carry on. That's what you'll get from an XHR or API request. Give it a shot.):
  
actionpack (5.1.1) lib/action_controller/metal/implicit_render.rb:53:in `default_render'
actionpack (5.1.1) lib/action_controller/metal/basic_implicit_render.rb:4:in `block in send_action'
actionpack (5.1.1) lib/action_controller/metal/basic_implicit_render.rb:4:in `tap'
actionpack (5.1.1) lib/action_controller/metal/basic_implicit_render.rb:4:in `send_action'
actionpack (5.1.1) lib/abstract_controller/base.rb:186:in `process_action'
actionpack (5.1.1) lib/action_controller/metal/rendering.rb:30:in `process_action'
actionpack (5.1.1) lib/abstract_controller/callbacks.rb:20:in `block in process_action'
activesupport (5.1.1) lib/active_support/callbacks.rb:131:in `run_callbacks'
actionpack (5.1.1) lib/abstract_controller/callbacks.rb:19:in `process_action'
actionpack (5.1.1) lib/action_controller/metal/rescue.rb:20:in `process_action'
actionpack (5.1.1) lib/action_controller/metal/instrumentation.rb:32:in `block in process_action'
activesupport (5.1.1) lib/active_support/notifications.rb:166:in `block in instrument'
activesupport (5.1.1) lib/active_support/notifications/instrumenter.rb:21:in `instrument'
activesupport (5.1.1) lib/active_support/notifications.rb:166:in `instrument'
actionpack (5.1.1) lib/action_controller/metal/instrumentation.rb:30:in `process_action'
actionpack (5.1.1) lib/action_controller/metal/params_wrapper.rb:252:in `process_action'
activerecord (5.1.1) lib/active_record/railties/controller_runtime.rb:22:in `process_action'
actionpack (5.1.1) lib/abstract_controller/base.rb:124:in `process'
actionview (5.1.1) lib/action_view/rendering.rb:30:in `process'
actionpack (5.1.1) lib/action_controller/metal.rb:189:in `dispatch'
actionpack (5.1.1) lib/action_controller/metal.rb:253:in `dispatch'
actionpack (5.1.1) lib/action_dispatch/routing/route_set.rb:49:in `dispatch'
actionpack (5.1.1) lib/action_dispatch/routing/route_set.rb:31:in `serve'
actionpack (5.1.1) lib/action_dispatch/journey/router.rb:46:in `block in serve'
actionpack (5.1.1) lib/action_dispatch/journey/router.rb:33:in `each'
actionpack (5.1.1) lib/action_dispatch/journey/router.rb:33:in `serve'
actionpack (5.1.1) lib/action_dispatch/routing/route_set.rb:832:in `call'
rack (2.0.3) lib/rack/etag.rb:25:in `call'
rack (2.0.3) lib/rack/conditional_get.rb:25:in `call'
rack (2.0.3) lib/rack/head.rb:12:in `call'
rack (2.0.3) lib/rack/session/abstract/id.rb:232:in `context'
rack (2.0.3) lib/rack/session/abstract/id.rb:226:in `call'
actionpack (5.1.1) lib/action_dispatch/middleware/cookies.rb:613:in `call'
activerecord (5.1.1) lib/active_record/migration.rb:556:in `call'
actionpack (5.1.1) lib/action_dispatch/middleware/callbacks.rb:26:in `block in call'
activesupport (5.1.1) lib/active_support/callbacks.rb:97:in `run_callbacks'
actionpack (5.1.1) lib/action_dispatch/middleware/callbacks.rb:24:in `call'
actionpack (5.1.1) lib/action_dispatch/middleware/executor.rb:12:in `call'
actionpack (5.1.1) lib/action_dispatch/middleware/debug_exceptions.rb:59:in `call'
web-console (3.5.1) lib/web_console/middleware.rb:135:in `call_app'
web-console (3.5.1) lib/web_console/middleware.rb:28:in `block in call'
web-console (3.5.1) lib/web_console/middleware.rb:18:in `catch'
web-console (3.5.1) lib/web_console/middleware.rb:18:in `call'
actionpack (5.1.1) lib/action_dispatch/middleware/show_exceptions.rb:31:in `call'
railties (5.1.1) lib/rails/rack/logger.rb:36:in `call_app'
railties (5.1.1) lib/rails/rack/logger.rb:24:in `block in call'
activesupport (5.1.1) lib/active_support/tagged_logging.rb:69:in `block in tagged'
activesupport (5.1.1) lib/active_support/tagged_logging.rb:26:in `tagged'
activesupport (5.1.1) lib/active_support/tagged_logging.rb:69:in `tagged'
railties (5.1.1) lib/rails/rack/logger.rb:24:in `call'
sprockets-rails (3.2.0) lib/sprockets/rails/quiet_assets.rb:13:in `call'
actionpack (5.1.1) lib/action_dispatch/middleware/remote_ip.rb:79:in `call'
actionpack (5.1.1) lib/action_dispatch/middleware/request_id.rb:25:in `call'
rack (2.0.3) lib/rack/method_override.rb:22:in `call'
rack (2.0.3) lib/rack/runtime.rb:22:in `call'
activesupport (5.1.1) lib/active_support/cache/strategy/local_cache_middleware.rb:27:in `call'
actionpack (5.1.1) lib/action_dispatch/middleware/executor.rb:12:in `call'
actionpack (5.1.1) lib/action_dispatch/middleware/static.rb:125:in `call'
rack (2.0.3) lib/rack/sendfile.rb:111:in `call'
railties (5.1.1) lib/rails/engine.rb:522:in `call'
puma (3.9.1) lib/puma/configuration.rb:224:in `call'
puma (3.9.1) lib/puma/server.rb:602:in `handle_request'
puma (3.9.1) lib/puma/server.rb:435:in `process_client'
puma (3.9.1) lib/puma/server.rb:299:in `block in run'
puma (3.9.1) lib/puma/thread_pool.rb:120:in `block in spawn_thread'
Started GET "/items" for 127.0.0.1 at 2017-06-15 17:15:25 -0300
Processing by ItemsController#index as HTML
  Rendering items/index.html.erb within layouts/application
  Rendered items/index.html.erb within layouts/application (0.7ms)
Completed 200 OK in 224ms (Views: 222.8ms | ActiveRecord: 0.0ms)


Started GET "/items" for 127.0.0.1 at 2017-06-15 17:17:55 -0300
Processing by ItemsController#index as HTML
  Rendering items/index.html.erb within layouts/application
  Rendered items/index.html.erb within layouts/application (0.3ms)
Completed 200 OK in 13ms (Views: 11.2ms | ActiveRecord: 0.0ms)


Started GET "/items" for 127.0.0.1 at 2017-06-15 17:18:33 -0300
Processing by ItemsController#index as HTML
  Rendering items/index.html.erb within layouts/application
  [1m[36mItem Load (1.2ms)[0m  [1m[34mSELECT  "items".* FROM "items" LIMIT $1[0m  [["LIMIT", 11]]
  Rendered items/index.html.erb within layouts/application (9.5ms)
Completed 200 OK in 38ms (Views: 30.8ms | ActiveRecord: 4.5ms)


  [1m[35m (0.4ms)[0m  [1m[34mSELECT "schema_migrations"."version" FROM "schema_migrations" ORDER BY "schema_migrations"."version" ASC[0m
  [1m[35m (0.1ms)[0m  [1m[35mBEGIN[0m
  [1m[35mSQL (0.5ms)[0m  [1m[32mINSERT INTO "items" ("name", "description", "price", "created_at", "updated_at") VALUES ($1, $2, $3, $4, $5) RETURNING "id"[0m  [["name", "Rodrigo"], ["description", "chato"], ["price", 42.0], ["created_at", "2017-06-15 20:28:44.306595"], ["updated_at", "2017-06-15 20:28:44.306595"]]
  [1m[35m (23.2ms)[0m  [1m[35mCOMMIT[0m
Started GET "/items" for 127.0.0.1 at 2017-06-15 17:29:12 -0300
Processing by ItemsController#index as HTML
  Rendering items/index.html.erb within layouts/application
  [1m[36mItem Load (0.3ms)[0m  [1m[34mSELECT  "items".* FROM "items" LIMIT $1[0m  [["LIMIT", 11]]
  Rendered items/index.html.erb within layouts/application (12.7ms)
Completed 200 OK in 23ms (Views: 19.9ms | ActiveRecord: 2.3ms)


Started GET "/items" for 127.0.0.1 at 2017-06-15 17:31:51 -0300
Processing by ItemsController#index as HTML
  Rendering items/index.html.erb within layouts/application
  [1m[36mItem Load (0.6ms)[0m  [1m[34mSELECT "items".* FROM "items"[0m
  Rendered items/index.html.erb within layouts/application (2.6ms)
Completed 200 OK in 34ms (Views: 31.0ms | ActiveRecord: 0.6ms)


Started GET "/items" for 127.0.0.1 at 2017-06-15 17:32:19 -0300
Processing by ItemsController#index as HTML
  Rendering items/index.html.erb within layouts/application
  [1m[36mItem Load (0.2ms)[0m  [1m[34mSELECT "items".* FROM "items"[0m
  Rendered items/index.html.erb within layouts/application (1.8ms)
Completed 200 OK in 18ms (Views: 16.9ms | ActiveRecord: 0.2ms)


Started GET "/items" for 127.0.0.1 at 2017-06-15 17:32:32 -0300
Processing by ItemsController#index as HTML
  Rendering items/index.html.erb within layouts/application
  [1m[36mItem Load (0.2ms)[0m  [1m[34mSELECT "items".* FROM "items"[0m
  Rendered items/index.html.erb within layouts/application (1.2ms)
Completed 200 OK in 15ms (Views: 13.5ms | ActiveRecord: 0.2ms)


Started GET "/items" for 127.0.0.1 at 2017-06-15 17:33:03 -0300
Processing by ItemsController#index as HTML
  Rendering items/index.html.erb within layouts/application
  [1m[36mItem Load (0.4ms)[0m  [1m[34mSELECT "items".* FROM "items"[0m
  Rendered items/index.html.erb within layouts/application (2.2ms)
Completed 200 OK in 18ms (Views: 15.9ms | ActiveRecord: 0.4ms)


Started GET "/items" for 127.0.0.1 at 2017-06-15 19:16:26 -0300
Processing by ItemsController#index as HTML
  Rendering items/index.html.erb within layouts/application
  [1m[36mItem Load (0.2ms)[0m  [1m[34mSELECT "items".* FROM "items"[0m
  Rendered items/index.html.erb within layouts/application (1.4ms)
Completed 200 OK in 17ms (Views: 15.3ms | ActiveRecord: 0.2ms)


Started GET "/items" for 127.0.0.1 at 2017-06-15 19:16:32 -0300
Processing by ItemsController#index as HTML
  Rendering items/index.html.erb within layouts/application
  [1m[36mItem Load (0.4ms)[0m  [1m[34mSELECT "items".* FROM "items"[0m
  Rendered items/index.html.erb within layouts/application (2.2ms)
Completed 200 OK in 24ms (Views: 21.8ms | ActiveRecord: 0.4ms)


  [1m[35m (0.5ms)[0m  [1m[34mSELECT "schema_migrations"."version" FROM "schema_migrations" ORDER BY "schema_migrations"."version" ASC[0m
  [1m[35m (0.1ms)[0m  [1m[35mBEGIN[0m
  [1m[35mSQL (0.4ms)[0m  [1m[32mINSERT INTO "items" ("name", "description", "price", "created_at", "updated_at") VALUES ($1, $2, $3, $4, $5) RETURNING "id"[0m  [["name", "Gorgonzola Bacon Burger"], ["description", "Hambúrger, queijo gorgonzola, bacon (2x), aioli e brioche."], ["price", 33.0], ["created_at", "2017-06-15 22:27:51.192631"], ["updated_at", "2017-06-15 22:27:51.192631"]]
  [1m[35m (21.0ms)[0m  [1m[35mCOMMIT[0m
  [1m[35m (0.1ms)[0m  [1m[35mBEGIN[0m
  [1m[35mSQL (0.4ms)[0m  [1m[32mINSERT INTO "items" ("name", "description", "price", "created_at", "updated_at") VALUES ($1, $2, $3, $4, $5) RETURNING "id"[0m  [["name", "Hamburger"], ["description", "Hamburger Black Angus (180g), aioli e brioche."], ["price", 23.0], ["created_at", "2017-06-15 22:27:51.215772"], ["updated_at", "2017-06-15 22:27:51.215772"]]
  [1m[35m (8.9ms)[0m  [1m[35mCOMMIT[0m
  [1m[35m (0.2ms)[0m  [1m[35mBEGIN[0m
  [1m[35mSQL (0.4ms)[0m  [1m[32mINSERT INTO "items" ("name", "description", "price", "created_at", "updated_at") VALUES ($1, $2, $3, $4, $5) RETURNING "id"[0m  [["name", "Parrilla Burger"], ["description", "Hamburger, queijo minas meia cura, cebola caramelizaada e aioli."], ["price", 32.0], ["created_at", "2017-06-15 22:27:51.226833"], ["updated_at", "2017-06-15 22:27:51.226833"]]
  [1m[35m (9.0ms)[0m  [1m[35mCOMMIT[0m
Started GET "/items" for 127.0.0.1 at 2017-06-15 19:40:27 -0300
Processing by ItemsController#index as HTML
  Rendering items/index.html.erb within layouts/application
  [1m[36mItem Load (0.2ms)[0m  [1m[34mSELECT "items".* FROM "items"[0m
  Rendered items/index.html.erb within layouts/application (1.7ms)
Completed 200 OK in 20ms (Views: 18.6ms | ActiveRecord: 0.2ms)


  [1m[36mItem Load (0.2ms)[0m  [1m[34mSELECT  "items".* FROM "items" ORDER BY "items"."id" ASC LIMIT $1[0m  [["LIMIT", 1]]
  [1m[35m (0.1ms)[0m  [1m[35mBEGIN[0m
  [1m[35mSQL (0.2ms)[0m  [1m[31mDELETE FROM "items" WHERE "items"."id" = $1[0m  [["id", 1]]
  [1m[35m (41.8ms)[0m  [1m[35mCOMMIT[0m
Started GET "/items" for 127.0.0.1 at 2017-06-15 19:47:13 -0300
Processing by ItemsController#index as HTML
  Rendering items/index.html.erb within layouts/application
  [1m[36mItem Load (0.2ms)[0m  [1m[34mSELECT "items".* FROM "items"[0m
  Rendered items/index.html.erb within layouts/application (1.7ms)
Completed 200 OK in 15ms (Views: 13.8ms | ActiveRecord: 0.2ms)


Started GET "/items" for 127.0.0.1 at 2017-06-15 19:48:13 -0300
Processing by ItemsController#index as HTML
  Rendering items/index.html.erb within layouts/application
  [1m[36mItem Load (0.2ms)[0m  [1m[34mSELECT "items".* FROM "items"[0m
  Rendered items/index.html.erb within layouts/application (1.3ms)
Completed 200 OK in 14ms (Views: 13.1ms | ActiveRecord: 0.2ms)


Started GET "/items" for 127.0.0.1 at 2017-06-15 20:22:36 -0300
Processing by ItemsController#index as HTML
  Rendering items/index.html.erb within layouts/application
  [1m[36mItem Load (0.2ms)[0m  [1m[34mSELECT "items".* FROM "items"[0m
  Rendered items/index.html.erb within layouts/application (1.2ms)
Completed 500 Internal Server Error in 12ms (ActiveRecord: 0.2ms)


  
ActionView::Template::Error (File to import not found or unreadable: bootstrap-sprockets.
Load paths:
  /home/rebeca/Documents/dinnerdash/app/assets/config
  /home/rebeca/Documents/dinnerdash/app/assets/images
  /home/rebeca/Documents/dinnerdash/app/assets/javascripts
  /home/rebeca/Documents/dinnerdash/app/assets/stylesheets
  /home/rebeca/.rvm/gems/ruby-2.4.1@dinner_rails511/gems/coffee-rails-4.2.2/lib/assets/javascripts
  /home/rebeca/.rvm/gems/ruby-2.4.1@dinner_rails511/gems/actioncable-5.1.1/lib/assets/compiled
  /home/rebeca/.rvm/gems/ruby-2.4.1@dinner_rails511/gems/actionview-5.1.1/lib/assets/compiled
  /home/rebeca/.rvm/gems/ruby-2.4.1@dinner_rails511/gems/turbolinks-source-5.0.3/lib/assets/javascripts
  /home/rebeca/Documents/dinnerdash/node_modules):
    4:     <title>Dinnerdash</title>
    5:     <%= csrf_meta_tags %>
    6: 
    7:     <%= stylesheet_link_tag    'application', media: 'all', 'data-turbolinks-track': 'reload' %>
    8:     <%= javascript_include_tag 'application', 'data-turbolinks-track': 'reload' %>
    9:   </head>
   10: 
  
app/assets/stylesheets/application.css.sass:17
app/views/layouts/application.html.erb:7:in `_app_views_layouts_application_html_erb___2546133794407041770_69858616908500'
Started GET "/items" for 127.0.0.1 at 2017-06-15 20:23:14 -0300
Processing by ItemsController#index as HTML
  Rendering items/index.html.erb within layouts/application
  [1m[36mItem Load (0.2ms)[0m  [1m[34mSELECT "items".* FROM "items"[0m
  Rendered items/index.html.erb within layouts/application (1.4ms)
Completed 500 Internal Server Error in 17ms (ActiveRecord: 0.2ms)


  
ActionView::Template::Error (File to import not found or unreadable: bootstrap.
Load paths:
  /home/rebeca/Documents/dinnerdash/app/assets/config
  /home/rebeca/Documents/dinnerdash/app/assets/images
  /home/rebeca/Documents/dinnerdash/app/assets/javascripts
  /home/rebeca/Documents/dinnerdash/app/assets/stylesheets
  /home/rebeca/.rvm/gems/ruby-2.4.1@dinner_rails511/gems/coffee-rails-4.2.2/lib/assets/javascripts
  /home/rebeca/.rvm/gems/ruby-2.4.1@dinner_rails511/gems/actioncable-5.1.1/lib/assets/compiled
  /home/rebeca/.rvm/gems/ruby-2.4.1@dinner_rails511/gems/actionview-5.1.1/lib/assets/compiled
  /home/rebeca/.rvm/gems/ruby-2.4.1@dinner_rails511/gems/turbolinks-source-5.0.3/lib/assets/javascripts
  /home/rebeca/Documents/dinnerdash/node_modules):
    4:     <title>Dinnerdash</title>
    5:     <%= csrf_meta_tags %>
    6: 
    7:     <%= stylesheet_link_tag    'application', media: 'all', 'data-turbolinks-track': 'reload' %>
    8:     <%= javascript_include_tag 'application', 'data-turbolinks-track': 'reload' %>
    9:   </head>
   10: 
  
app/assets/stylesheets/application.css.sass:17
app/views/layouts/application.html.erb:7:in `_app_views_layouts_application_html_erb___2546133794407041770_69858616559680'
Started GET "/items" for 127.0.0.1 at 2017-06-15 20:33:41 -0300
Processing by ItemsController#index as HTML
  Rendering items/index.html.erb within layouts/application
  [1m[36mItem Load (0.2ms)[0m  [1m[34mSELECT "items".* FROM "items"[0m
  Rendered items/index.html.erb within layouts/application (1.6ms)
Completed 500 Internal Server Error in 15ms (ActiveRecord: 0.2ms)


  
ActionView::Template::Error (File to import not found or unreadable: bootstrap-sprockets.
Load paths:
  /home/rebeca/Documents/dinnerdash/app/assets/config
  /home/rebeca/Documents/dinnerdash/app/assets/images
  /home/rebeca/Documents/dinnerdash/app/assets/javascripts
  /home/rebeca/Documents/dinnerdash/app/assets/stylesheets
  /home/rebeca/.rvm/gems/ruby-2.4.1@dinner_rails511/gems/coffee-rails-4.2.2/lib/assets/javascripts
  /home/rebeca/.rvm/gems/ruby-2.4.1@dinner_rails511/gems/actioncable-5.1.1/lib/assets/compiled
  /home/rebeca/.rvm/gems/ruby-2.4.1@dinner_rails511/gems/actionview-5.1.1/lib/assets/compiled
  /home/rebeca/.rvm/gems/ruby-2.4.1@dinner_rails511/gems/turbolinks-source-5.0.3/lib/assets/javascripts
  /home/rebeca/Documents/dinnerdash/node_modules):
    4:     <title>Dinnerdash</title>
    5:     <%= csrf_meta_tags %>
    6: 
    7:     <%= stylesheet_link_tag    'application', media: 'all', 'data-turbolinks-track': 'reload' %>
    8:     <%= javascript_include_tag 'application', 'data-turbolinks-track': 'reload' %>
    9:   </head>
   10: 
  
app/assets/stylesheets/application.css.sass:17
app/views/layouts/application.html.erb:7:in `_app_views_layouts_application_html_erb___2546133794407041770_69858551221820'
Started GET "/items" for 127.0.0.1 at 2017-06-15 20:35:43 -0300
Processing by ItemsController#index as HTML
  Rendering items/index.html.erb within layouts/application
  [1m[36mItem Load (0.3ms)[0m  [1m[34mSELECT "items".* FROM "items"[0m
  Rendered items/index.html.erb within layouts/application (2.3ms)
Completed 500 Internal Server Error in 21ms (ActiveRecord: 0.3ms)


  
ActionView::Template::Error (File to import not found or unreadable: bootstrap.
Load paths:
  /home/rebeca/Documents/dinnerdash/app/assets/config
  /home/rebeca/Documents/dinnerdash/app/assets/images
  /home/rebeca/Documents/dinnerdash/app/assets/javascripts
  /home/rebeca/Documents/dinnerdash/app/assets/stylesheets
  /home/rebeca/.rvm/gems/ruby-2.4.1@dinner_rails511/gems/coffee-rails-4.2.2/lib/assets/javascripts
  /home/rebeca/.rvm/gems/ruby-2.4.1@dinner_rails511/gems/actioncable-5.1.1/lib/assets/compiled
  /home/rebeca/.rvm/gems/ruby-2.4.1@dinner_rails511/gems/actionview-5.1.1/lib/assets/compiled
  /home/rebeca/.rvm/gems/ruby-2.4.1@dinner_rails511/gems/turbolinks-source-5.0.3/lib/assets/javascripts
  /home/rebeca/Documents/dinnerdash/node_modules):
    4:     <title>Dinnerdash</title>
    5:     <%= csrf_meta_tags %>
    6: 
    7:     <%= stylesheet_link_tag    'application', media: 'all', 'data-turbolinks-track': 'reload' %>
    8:     <%= javascript_include_tag 'application', 'data-turbolinks-track': 'reload' %>
    9:   </head>
   10: 
  
app/assets/stylesheets/application.scss:18
app/views/layouts/application.html.erb:7:in `_app_views_layouts_application_html_erb___2546133794407041770_69858550807120'
Started GET "/items" for 127.0.0.1 at 2017-06-15 20:35:48 -0300
Processing by ItemsController#index as HTML
  Rendering items/index.html.erb within layouts/application
  [1m[36mItem Load (0.2ms)[0m  [1m[34mSELECT "items".* FROM "items"[0m
  Rendered items/index.html.erb within layouts/application (1.1ms)
Completed 500 Internal Server Error in 8ms (ActiveRecord: 0.2ms)


  
ActionView::Template::Error (File to import not found or unreadable: bootstrap.
Load paths:
  /home/rebeca/Documents/dinnerdash/app/assets/config
  /home/rebeca/Documents/dinnerdash/app/assets/images
  /home/rebeca/Documents/dinnerdash/app/assets/javascripts
  /home/rebeca/Documents/dinnerdash/app/assets/stylesheets
  /home/rebeca/.rvm/gems/ruby-2.4.1@dinner_rails511/gems/coffee-rails-4.2.2/lib/assets/javascripts
  /home/rebeca/.rvm/gems/ruby-2.4.1@dinner_rails511/gems/actioncable-5.1.1/lib/assets/compiled
  /home/rebeca/.rvm/gems/ruby-2.4.1@dinner_rails511/gems/actionview-5.1.1/lib/assets/compiled
  /home/rebeca/.rvm/gems/ruby-2.4.1@dinner_rails511/gems/turbolinks-source-5.0.3/lib/assets/javascripts
  /home/rebeca/Documents/dinnerdash/node_modules):
    4:     <title>Dinnerdash</title>
    5:     <%= csrf_meta_tags %>
    6: 
    7:     <%= stylesheet_link_tag    'application', media: 'all', 'data-turbolinks-track': 'reload' %>
    8:     <%= javascript_include_tag 'application', 'data-turbolinks-track': 'reload' %>
    9:   </head>
   10: 
  
app/assets/stylesheets/application.scss:18
app/views/layouts/application.html.erb:7:in `_app_views_layouts_application_html_erb___2546133794407041770_69858663616640'
Started GET "/items" for 127.0.0.1 at 2017-06-15 20:38:27 -0300
Processing by ItemsController#index as HTML
  Rendering items/index.html.erb within layouts/application
  [1m[36mItem Load (0.3ms)[0m  [1m[34mSELECT "items".* FROM "items"[0m
  Rendered items/index.html.erb within layouts/application (2.4ms)
Completed 500 Internal Server Error in 14ms (ActiveRecord: 0.3ms)


  
ActionView::Template::Error (Invalid CSS after "...trap-sprockets"": expected selector or at-rule, was "@import "bootst..."):
    4:     <title>Dinnerdash</title>
    5:     <%= csrf_meta_tags %>
    6: 
    7:     <%= stylesheet_link_tag    'application', media: 'all', 'data-turbolinks-track': 'reload' %>
    8:     <%= javascript_include_tag 'application', 'data-turbolinks-track': 'reload' %>
    9:   </head>
   10: 
  
app/assets/stylesheets/application.scss:18
app/views/layouts/application.html.erb:7:in `_app_views_layouts_application_html_erb___2546133794407041770_69858516572280'
Started GET "/items" for 127.0.0.1 at 2017-06-15 20:40:26 -0300
Processing by ItemsController#index as HTML
  Rendering items/index.html.erb within layouts/application
  [1m[36mItem Load (0.2ms)[0m  [1m[34mSELECT "items".* FROM "items"[0m
  Rendered items/index.html.erb within layouts/application (1.5ms)
Completed 500 Internal Server Error in 9ms (ActiveRecord: 0.2ms)


  
ActionView::Template::Error (Invalid CSS after "...trap-sprockets"": expected selector or at-rule, was "@import "bootst..."):
    4:     <title>Dinnerdash</title>
    5:     <%= csrf_meta_tags %>
    6: 
    7:     <%= stylesheet_link_tag    'application', media: 'all', 'data-turbolinks-track': 'reload' %>
    8:     <%= javascript_include_tag 'application', 'data-turbolinks-track': 'reload' %>
    9:   </head>
   10: 
  
app/assets/stylesheets/application.scss:18
app/views/layouts/application.html.erb:7:in `_app_views_layouts_application_html_erb___2546133794407041770_69858551261100'
Started GET "/items" for 127.0.0.1 at 2017-06-15 20:40:28 -0300
Processing by ItemsController#index as HTML
  Rendering items/index.html.erb within layouts/application
  [1m[36mItem Load (0.3ms)[0m  [1m[34mSELECT "items".* FROM "items"[0m
  Rendered items/index.html.erb within layouts/application (2.6ms)
Completed 500 Internal Server Error in 18ms (ActiveRecord: 0.3ms)


  
ActionView::Template::Error (Invalid CSS after "...trap-sprockets"": expected selector or at-rule, was "@import "bootst..."):
    4:     <title>Dinnerdash</title>
    5:     <%= csrf_meta_tags %>
    6: 
    7:     <%= stylesheet_link_tag    'application', media: 'all', 'data-turbolinks-track': 'reload' %>
    8:     <%= javascript_include_tag 'application', 'data-turbolinks-track': 'reload' %>
    9:   </head>
   10: 
  
app/assets/stylesheets/application.scss:18
app/views/layouts/application.html.erb:7:in `_app_views_layouts_application_html_erb___2546133794407041770_29493240'
Started GET "/items" for 127.0.0.1 at 2017-06-15 20:41:50 -0300
Processing by ItemsController#index as HTML
  Rendering items/index.html.erb within layouts/application
  [1m[36mItem Load (0.4ms)[0m  [1m[34mSELECT "items".* FROM "items"[0m
  Rendered items/index.html.erb within layouts/application (2.9ms)
Completed 500 Internal Server Error in 16ms (ActiveRecord: 0.4ms)


  
ActionView::Template::Error (Invalid CSS after "...trap-sprockets"": expected selector or at-rule, was "@import "bootst..."):
    4:     <title>Dinnerdash</title>
    5:     <%= csrf_meta_tags %>
    6: 
    7:     <%= stylesheet_link_tag    'application', media: 'all', 'data-turbolinks-track': 'reload' %>
    8:     <%= javascript_include_tag 'application', 'data-turbolinks-track': 'reload' %>
    9:   </head>
   10: 
  
app/assets/stylesheets/application.scss:18
app/views/layouts/application.html.erb:7:in `_app_views_layouts_application_html_erb___2546133794407041770_69858656673740'
Started GET "/items" for 127.0.0.1 at 2017-06-15 21:22:11 -0300
Processing by ItemsController#index as HTML
  Rendering items/index.html.erb within layouts/application
  [1m[36mItem Load (0.2ms)[0m  [1m[34mSELECT "items".* FROM "items"[0m
  Rendered items/index.html.erb within layouts/application (1.2ms)
Completed 500 Internal Server Error in 45ms (ActiveRecord: 0.2ms)


  
ActionView::Template::Error (File to import not found or unreadable: bootstrap-sprockets.
Load paths:
  /home/rebeca/Documents/dinnerdash/app/assets/config
  /home/rebeca/Documents/dinnerdash/app/assets/images
  /home/rebeca/Documents/dinnerdash/app/assets/javascripts
  /home/rebeca/Documents/dinnerdash/app/assets/stylesheets
  /home/rebeca/.rvm/gems/ruby-2.4.1@dinner_rails511/gems/coffee-rails-4.2.2/lib/assets/javascripts
  /home/rebeca/.rvm/gems/ruby-2.4.1@dinner_rails511/gems/actioncable-5.1.1/lib/assets/compiled
  /home/rebeca/.rvm/gems/ruby-2.4.1@dinner_rails511/gems/actionview-5.1.1/lib/assets/compiled
  /home/rebeca/.rvm/gems/ruby-2.4.1@dinner_rails511/gems/turbolinks-source-5.0.3/lib/assets/javascripts
  /home/rebeca/Documents/dinnerdash/node_modules):
    4:     <title>Dinnerdash</title>
    5:     <%= csrf_meta_tags %>
    6: 
    7:     <%= stylesheet_link_tag    'application', media: 'all', 'data-turbolinks-track': 'reload' %>
    8:     <%= javascript_include_tag 'application', 'data-turbolinks-track': 'reload' %>
    9:   </head>
   10: 
  
app/assets/stylesheets/application.scss:17
app/views/layouts/application.html.erb:7:in `_app_views_layouts_application_html_erb___2546133794407041770_69858659775100'
Started GET "/items" for 127.0.0.1 at 2017-06-15 21:38:15 -0300
  [1m[35m (0.5ms)[0m  [1m[34mSELECT "schema_migrations"."version" FROM "schema_migrations" ORDER BY "schema_migrations"."version" ASC[0m
Processing by ItemsController#index as HTML
  Rendering items/index.html.erb within layouts/application
  [1m[36mItem Load (0.4ms)[0m  [1m[34mSELECT "items".* FROM "items"[0m
  Rendered items/index.html.erb within layouts/application (11.0ms)
Completed 500 Internal Server Error in 2501ms (ActiveRecord: 3.8ms)


  
ActionView::Template::Error (couldn't find file 'jquery' with type 'application/javascript'
Checked in these paths: 
  /home/rebeca/Documents/dinnerdash/app/assets/config
  /home/rebeca/Documents/dinnerdash/app/assets/images
  /home/rebeca/Documents/dinnerdash/app/assets/javascripts
  /home/rebeca/Documents/dinnerdash/app/assets/stylesheets
  /home/rebeca/.rvm/gems/ruby-2.4.1@dinner_rails511/gems/coffee-rails-4.2.2/lib/assets/javascripts
  /home/rebeca/.rvm/gems/ruby-2.4.1@dinner_rails511/gems/actioncable-5.1.1/lib/assets/compiled
  /home/rebeca/.rvm/gems/ruby-2.4.1@dinner_rails511/gems/actionview-5.1.1/lib/assets/compiled
  /home/rebeca/.rvm/gems/ruby-2.4.1@dinner_rails511/gems/turbolinks-source-5.0.3/lib/assets/javascripts
  /home/rebeca/Documents/dinnerdash/node_modules
  /home/rebeca/.rvm/gems/ruby-2.4.1@dinner_rails511/gems/bootstrap-sass-3.2.0.2/assets/stylesheets
  /home/rebeca/.rvm/gems/ruby-2.4.1@dinner_rails511/gems/bootstrap-sass-3.2.0.2/assets/javascripts
  /home/rebeca/.rvm/gems/ruby-2.4.1@dinner_rails511/gems/bootstrap-sass-3.2.0.2/assets/fonts
  /home/rebeca/.rvm/gems/ruby-2.4.1@dinner_rails511/gems/bootstrap-sass-3.2.0.2/assets/images):
    4:     <title>Dinnerdash</title>
    5:     <%= csrf_meta_tags %>
    6: 
    7:     <%= stylesheet_link_tag    'application', media: 'all', 'data-turbolinks-track': 'reload' %>
    8:     <%= javascript_include_tag 'application', 'data-turbolinks-track': 'reload' %>
    9:   </head>
   10: 
  
app/assets/javascripts/application.js:14
app/views/layouts/application.html.erb:7:in `_app_views_layouts_application_html_erb___3772221303537287457_70059544639460'
Started GET "/items" for 127.0.0.1 at 2017-06-15 21:38:44 -0300
Processing by ItemsController#index as HTML
  Rendering items/index.html.erb within layouts/application
  [1m[36mItem Load (0.3ms)[0m  [1m[34mSELECT "items".* FROM "items"[0m
  Rendered items/index.html.erb within layouts/application (8.2ms)
Completed 500 Internal Server Error in 19ms (ActiveRecord: 3.4ms)


  
ActionView::Template::Error (couldn't find file 'jquery' with type 'application/javascript'
Checked in these paths: 
  /home/rebeca/Documents/dinnerdash/app/assets/config
  /home/rebeca/Documents/dinnerdash/app/assets/images
  /home/rebeca/Documents/dinnerdash/app/assets/javascripts
  /home/rebeca/Documents/dinnerdash/app/assets/stylesheets
  /home/rebeca/.rvm/gems/ruby-2.4.1@dinner_rails511/gems/coffee-rails-4.2.2/lib/assets/javascripts
  /home/rebeca/.rvm/gems/ruby-2.4.1@dinner_rails511/gems/actioncable-5.1.1/lib/assets/compiled
  /home/rebeca/.rvm/gems/ruby-2.4.1@dinner_rails511/gems/actionview-5.1.1/lib/assets/compiled
  /home/rebeca/.rvm/gems/ruby-2.4.1@dinner_rails511/gems/turbolinks-source-5.0.3/lib/assets/javascripts
  /home/rebeca/Documents/dinnerdash/node_modules
  /home/rebeca/.rvm/gems/ruby-2.4.1@dinner_rails511/gems/bootstrap-sass-3.2.0.2/assets/stylesheets
  /home/rebeca/.rvm/gems/ruby-2.4.1@dinner_rails511/gems/bootstrap-sass-3.2.0.2/assets/javascripts
  /home/rebeca/.rvm/gems/ruby-2.4.1@dinner_rails511/gems/bootstrap-sass-3.2.0.2/assets/fonts
  /home/rebeca/.rvm/gems/ruby-2.4.1@dinner_rails511/gems/bootstrap-sass-3.2.0.2/assets/images):
    4:     <title>Dinnerdash</title>
    5:     <%= csrf_meta_tags %>
    6: 
    7:     <%= stylesheet_link_tag    'application', media: 'all', 'data-turbolinks-track': 'reload' %>
    8:     <%= javascript_include_tag 'application', 'data-turbolinks-track': 'reload' %>
    9:   </head>
   10: 
  
app/assets/javascripts/application.js:14
app/views/layouts/application.html.erb:7:in `_app_views_layouts_application_html_erb___3772221303537287457_70059568618460'
Started GET "/items" for 127.0.0.1 at 2017-06-15 21:39:13 -0300
Processing by ItemsController#index as HTML
  Rendering items/index.html.erb within layouts/application
  [1m[36mItem Load (0.3ms)[0m  [1m[34mSELECT "items".* FROM "items"[0m
  Rendered items/index.html.erb within layouts/application (1.9ms)
Completed 500 Internal Server Error in 16ms (ActiveRecord: 0.3ms)


  
ActionView::Template::Error (couldn't find file 'jquery_ujs' with type 'application/javascript'
Checked in these paths: 
  /home/rebeca/Documents/dinnerdash/app/assets/config
  /home/rebeca/Documents/dinnerdash/app/assets/images
  /home/rebeca/Documents/dinnerdash/app/assets/javascripts
  /home/rebeca/Documents/dinnerdash/app/assets/stylesheets
  /home/rebeca/.rvm/gems/ruby-2.4.1@dinner_rails511/gems/coffee-rails-4.2.2/lib/assets/javascripts
  /home/rebeca/.rvm/gems/ruby-2.4.1@dinner_rails511/gems/actioncable-5.1.1/lib/assets/compiled
  /home/rebeca/.rvm/gems/ruby-2.4.1@dinner_rails511/gems/actionview-5.1.1/lib/assets/compiled
  /home/rebeca/.rvm/gems/ruby-2.4.1@dinner_rails511/gems/turbolinks-source-5.0.3/lib/assets/javascripts
  /home/rebeca/Documents/dinnerdash/node_modules
  /home/rebeca/.rvm/gems/ruby-2.4.1@dinner_rails511/gems/bootstrap-sass-3.2.0.2/assets/stylesheets
  /home/rebeca/.rvm/gems/ruby-2.4.1@dinner_rails511/gems/bootstrap-sass-3.2.0.2/assets/javascripts
  /home/rebeca/.rvm/gems/ruby-2.4.1@dinner_rails511/gems/bootstrap-sass-3.2.0.2/assets/fonts
  /home/rebeca/.rvm/gems/ruby-2.4.1@dinner_rails511/gems/bootstrap-sass-3.2.0.2/assets/images):
    4:     <title>Dinnerdash</title>
    5:     <%= csrf_meta_tags %>
    6: 
    7:     <%= stylesheet_link_tag    'application', media: 'all', 'data-turbolinks-track': 'reload' %>
    8:     <%= javascript_include_tag 'application', 'data-turbolinks-track': 'reload' %>
    9:   </head>
   10: 
  
app/assets/javascripts/application.js:15
app/views/layouts/application.html.erb:7:in `_app_views_layouts_application_html_erb___3772221303537287457_70059674709500'
Started GET "/items" for 127.0.0.1 at 2017-06-15 21:50:54 -0300
Processing by ItemsController#index as HTML
  Rendering items/index.html.erb within layouts/application
  [1m[36mItem Load (0.4ms)[0m  [1m[34mSELECT "items".* FROM "items"[0m
  Rendered items/index.html.erb within layouts/application (2.2ms)
Completed 500 Internal Server Error in 15ms (ActiveRecord: 0.4ms)


  
ActionView::Template::Error (couldn't find file 'jquery_ujs' with type 'application/javascript'
Checked in these paths: 
  /home/rebeca/Documents/dinnerdash/app/assets/config
  /home/rebeca/Documents/dinnerdash/app/assets/images
  /home/rebeca/Documents/dinnerdash/app/assets/javascripts
  /home/rebeca/Documents/dinnerdash/app/assets/stylesheets
  /home/rebeca/.rvm/gems/ruby-2.4.1@dinner_rails511/gems/coffee-rails-4.2.2/lib/assets/javascripts
  /home/rebeca/.rvm/gems/ruby-2.4.1@dinner_rails511/gems/actioncable-5.1.1/lib/assets/compiled
  /home/rebeca/.rvm/gems/ruby-2.4.1@dinner_rails511/gems/actionview-5.1.1/lib/assets/compiled
  /home/rebeca/.rvm/gems/ruby-2.4.1@dinner_rails511/gems/turbolinks-source-5.0.3/lib/assets/javascripts
  /home/rebeca/Documents/dinnerdash/node_modules
  /home/rebeca/.rvm/gems/ruby-2.4.1@dinner_rails511/gems/bootstrap-sass-3.2.0.2/assets/stylesheets
  /home/rebeca/.rvm/gems/ruby-2.4.1@dinner_rails511/gems/bootstrap-sass-3.2.0.2/assets/javascripts
  /home/rebeca/.rvm/gems/ruby-2.4.1@dinner_rails511/gems/bootstrap-sass-3.2.0.2/assets/fonts
  /home/rebeca/.rvm/gems/ruby-2.4.1@dinner_rails511/gems/bootstrap-sass-3.2.0.2/assets/images):
    4:     <title>Dinnerdash</title>
    5:     <%= csrf_meta_tags %>
    6: 
    7:     <%= stylesheet_link_tag    'application', media: 'all', 'data-turbolinks-track': 'reload' %>
    8:     <%= javascript_include_tag 'application', 'data-turbolinks-track': 'reload' %>
    9:   </head>
   10: 
  
app/assets/javascripts/application.js:15
app/views/layouts/application.html.erb:7:in `_app_views_layouts_application_html_erb___3772221303537287457_70059568208380'
Started GET "/items" for 127.0.0.1 at 2017-06-15 21:50:59 -0300
Processing by ItemsController#index as HTML
  Rendering items/index.html.erb within layouts/application
  [1m[36mItem Load (0.2ms)[0m  [1m[34mSELECT "items".* FROM "items"[0m
  Rendered items/index.html.erb within layouts/application (1.3ms)
Completed 500 Internal Server Error in 11ms (ActiveRecord: 0.2ms)


  
ActionView::Template::Error (couldn't find file 'jquery_ujs' with type 'application/javascript'
Checked in these paths: 
  /home/rebeca/Documents/dinnerdash/app/assets/config
  /home/rebeca/Documents/dinnerdash/app/assets/images
  /home/rebeca/Documents/dinnerdash/app/assets/javascripts
  /home/rebeca/Documents/dinnerdash/app/assets/stylesheets
  /home/rebeca/.rvm/gems/ruby-2.4.1@dinner_rails511/gems/coffee-rails-4.2.2/lib/assets/javascripts
  /home/rebeca/.rvm/gems/ruby-2.4.1@dinner_rails511/gems/actioncable-5.1.1/lib/assets/compiled
  /home/rebeca/.rvm/gems/ruby-2.4.1@dinner_rails511/gems/actionview-5.1.1/lib/assets/compiled
  /home/rebeca/.rvm/gems/ruby-2.4.1@dinner_rails511/gems/turbolinks-source-5.0.3/lib/assets/javascripts
  /home/rebeca/Documents/dinnerdash/node_modules
  /home/rebeca/.rvm/gems/ruby-2.4.1@dinner_rails511/gems/bootstrap-sass-3.2.0.2/assets/stylesheets
  /home/rebeca/.rvm/gems/ruby-2.4.1@dinner_rails511/gems/bootstrap-sass-3.2.0.2/assets/javascripts
  /home/rebeca/.rvm/gems/ruby-2.4.1@dinner_rails511/gems/bootstrap-sass-3.2.0.2/assets/fonts
  /home/rebeca/.rvm/gems/ruby-2.4.1@dinner_rails511/gems/bootstrap-sass-3.2.0.2/assets/images):
    4:     <title>Dinnerdash</title>
    5:     <%= csrf_meta_tags %>
    6: 
    7:     <%= stylesheet_link_tag    'application', media: 'all', 'data-turbolinks-track': 'reload' %>
    8:     <%= javascript_include_tag 'application', 'data-turbolinks-track': 'reload' %>
    9:   </head>
   10: 
  
app/assets/javascripts/application.js:15
app/views/layouts/application.html.erb:7:in `_app_views_layouts_application_html_erb___3772221303537287457_70059555135000'
Started GET "/items" for 127.0.0.1 at 2017-06-15 21:52:03 -0300
Processing by ItemsController#index as HTML
  Rendering items/index.html.erb within layouts/application
  [1m[36mItem Load (0.3ms)[0m  [1m[34mSELECT "items".* FROM "items"[0m
  Rendered items/index.html.erb within layouts/application (1.6ms)
Completed 500 Internal Server Error in 13ms (ActiveRecord: 0.3ms)


  
ActionView::Template::Error (couldn't find file 'jquery_ujs' with type 'application/javascript'
Checked in these paths: 
  /home/rebeca/Documents/dinnerdash/app/assets/config
  /home/rebeca/Documents/dinnerdash/app/assets/images
  /home/rebeca/Documents/dinnerdash/app/assets/javascripts
  /home/rebeca/Documents/dinnerdash/app/assets/stylesheets
  /home/rebeca/.rvm/gems/ruby-2.4.1@dinner_rails511/gems/coffee-rails-4.2.2/lib/assets/javascripts
  /home/rebeca/.rvm/gems/ruby-2.4.1@dinner_rails511/gems/actioncable-5.1.1/lib/assets/compiled
  /home/rebeca/.rvm/gems/ruby-2.4.1@dinner_rails511/gems/actionview-5.1.1/lib/assets/compiled
  /home/rebeca/.rvm/gems/ruby-2.4.1@dinner_rails511/gems/turbolinks-source-5.0.3/lib/assets/javascripts
  /home/rebeca/Documents/dinnerdash/node_modules
  /home/rebeca/.rvm/gems/ruby-2.4.1@dinner_rails511/gems/bootstrap-sass-3.2.0.2/assets/stylesheets
  /home/rebeca/.rvm/gems/ruby-2.4.1@dinner_rails511/gems/bootstrap-sass-3.2.0.2/assets/javascripts
  /home/rebeca/.rvm/gems/ruby-2.4.1@dinner_rails511/gems/bootstrap-sass-3.2.0.2/assets/fonts
  /home/rebeca/.rvm/gems/ruby-2.4.1@dinner_rails511/gems/bootstrap-sass-3.2.0.2/assets/images):
    4:     <title>Dinnerdash</title>
    5:     <%= csrf_meta_tags %>
    6: 
    7:     <%= stylesheet_link_tag    'application', media: 'all', 'data-turbolinks-track': 'reload' %>
    8:     <%= javascript_include_tag 'application', 'data-turbolinks-track': 'reload' %>
    9:   </head>
   10: 
  
app/assets/javascripts/application.js:15
app/views/layouts/application.html.erb:7:in `_app_views_layouts_application_html_erb___3772221303537287457_70059568098960'
Started GET "/items" for 127.0.0.1 at 2017-06-15 21:58:33 -0300
  [1m[35m (0.3ms)[0m  [1m[34mSELECT "schema_migrations"."version" FROM "schema_migrations" ORDER BY "schema_migrations"."version" ASC[0m
Processing by ItemsController#index as HTML
  Rendering items/index.html.erb within layouts/application
  [1m[36mItem Load (0.3ms)[0m  [1m[34mSELECT "items".* FROM "items"[0m
  Rendered items/index.html.erb within layouts/application (9.2ms)
Completed 200 OK in 1600ms (Views: 1589.3ms | ActiveRecord: 2.8ms)


Started GET "/items" for 127.0.0.1 at 2017-06-15 22:23:30 -0300
Processing by ItemsController#index as HTML
  Rendering items/index.html.erb within layouts/application
  [1m[36mItem Load (0.2ms)[0m  [1m[34mSELECT "items".* FROM "items"[0m
  Rendered items/index.html.erb within layouts/application (2.0ms)
Completed 200 OK in 44ms (Views: 42.9ms | ActiveRecord: 0.2ms)


Started GET "/items" for 127.0.0.1 at 2017-06-15 22:24:18 -0300
Processing by ItemsController#index as HTML
  Rendering items/index.html.erb within layouts/application
  [1m[36mItem Load (0.5ms)[0m  [1m[34mSELECT "items".* FROM "items"[0m
  Rendered items/index.html.erb within layouts/application (3.5ms)
Completed 200 OK in 50ms (Views: 48.4ms | ActiveRecord: 0.5ms)


Started GET "/items" for 127.0.0.1 at 2017-06-15 22:25:04 -0300
Processing by ItemsController#index as HTML
  Rendering items/index.html.erb within layouts/application
  [1m[36mItem Load (0.5ms)[0m  [1m[34mSELECT "items".* FROM "items"[0m
  Rendered items/index.html.erb within layouts/application (3.8ms)
Completed 200 OK in 48ms (Views: 45.0ms | ActiveRecord: 0.5ms)


Started GET "/items" for 127.0.0.1 at 2017-06-15 22:26:19 -0300
Processing by ItemsController#index as HTML
  Rendering items/index.html.erb within layouts/application
  [1m[36mItem Load (0.4ms)[0m  [1m[34mSELECT "items".* FROM "items"[0m
  Rendered items/index.html.erb within layouts/application (2.8ms)
Completed 200 OK in 109ms (Views: 106.5ms | ActiveRecord: 0.4ms)


Started GET "/items" for 127.0.0.1 at 2017-06-15 22:27:25 -0300
Processing by ItemsController#index as HTML
  Rendering items/index.html.erb within layouts/application
  [1m[36mItem Load (0.4ms)[0m  [1m[34mSELECT "items".* FROM "items"[0m
  Rendered items/index.html.erb within layouts/application (2.9ms)
Completed 200 OK in 52ms (Views: 49.6ms | ActiveRecord: 0.4ms)


Started GET "/items" for 127.0.0.1 at 2017-06-15 22:27:46 -0300
Processing by ItemsController#index as HTML
  Rendering items/index.html.erb within layouts/application
  [1m[36mItem Load (0.2ms)[0m  [1m[34mSELECT "items".* FROM "items"[0m
  Rendered items/index.html.erb within layouts/application (1.3ms)
Completed 200 OK in 40ms (Views: 39.3ms | ActiveRecord: 0.2ms)


Started GET "/items" for 127.0.0.1 at 2017-06-15 22:30:01 -0300
Processing by ItemsController#index as HTML
  Rendering items/index.html.erb within layouts/application
  [1m[36mItem Load (0.3ms)[0m  [1m[34mSELECT "items".* FROM "items"[0m
  Rendered items/index.html.erb within layouts/application (2.5ms)
Completed 200 OK in 41ms (Views: 39.4ms | ActiveRecord: 0.3ms)


Started GET "/items" for 127.0.0.1 at 2017-06-15 22:30:16 -0300
Processing by ItemsController#index as HTML
  Rendering items/index.html.erb within layouts/application
  [1m[36mItem Load (0.2ms)[0m  [1m[34mSELECT "items".* FROM "items"[0m
  Rendered items/index.html.erb within layouts/application (1.3ms)
Completed 200 OK in 37ms (Views: 35.6ms | ActiveRecord: 0.2ms)


Started GET "/items" for 127.0.0.1 at 2017-06-15 22:32:54 -0300
Processing by ItemsController#index as HTML
  Rendering items/index.html.erb within layouts/application
  [1m[36mItem Load (0.2ms)[0m  [1m[34mSELECT "items".* FROM "items"[0m
  Rendered items/index.html.erb within layouts/application (1.4ms)
Completed 200 OK in 63ms (Views: 61.4ms | ActiveRecord: 0.2ms)


Started GET "/items" for 127.0.0.1 at 2017-06-15 22:39:33 -0300
Processing by ItemsController#index as HTML
  Rendering items/index.html.erb within layouts/application
  [1m[36mItem Load (0.5ms)[0m  [1m[34mSELECT "items".* FROM "items"[0m
  Rendered items/index.html.erb within layouts/application (3.3ms)
Completed 200 OK in 46ms (Views: 44.5ms | ActiveRecord: 0.5ms)


